# JRE version: OpenJDK Runtime Environment Temurin-21.0.6+7 (21.0.6+7) (build 21.0.6+7-LTS)
# Java VM: OpenJDK 64-Bit Server VM Temurin-21.0.6+7 (21.0.6+7-LTS, mixed mode, sharing, tiered, compressed oops, compressed class ptrs, parallel gc, bsd-aarch64)
GC Precious Log:
 CardTable entry size: 512
 CPUs: 8 total, 8 available
 Memory: 16384M
 Large Page Support: Disabled
 NUMA Support: Disabled
 Compressed Oops: Enabled (Zero based)
 Alignments: Space 512K, Generation 512K, Heap 8M
 Heap Min Capacity: 104M
 Heap Initial Capacity: 104M
 Heap Max Capacity: 1G
 Pre-touch: Disabled
 Parallel Workers: 8
Heap:
 PSYoungGen      total 2560K, used 815K [0x00000007eab00000, 0x00000007eb000000, 0x0000000800000000)
  eden space 2048K, 17% used [0x00000007eab00000,0x00000007eab5bdf8,0x00000007ead00000)
  from space 512K, 87% used [0x00000007eaf80000,0x00000007eaff0020,0x00000007eb000000)
  to   space 1024K, 0% used [0x00000007eae00000,0x00000007eae00000,0x00000007eaf00000)
 ParOldGen       total 516096K, used 515974K [0x00000007c0000000, 0x00000007df800000, 0x00000007eab00000)
  object space 516096K, 99% used [0x00000007c0000000,0x00000007df7e19e0,0x00000007df800000)
 Metaspace       used 57678K, committed 59072K, reserved 1114112K
  class space    used 6114K, committed 6720K, reserved 1048576K
GC Heap History (20 events):
Event: 66.996 GC heap before
{Heap before GC invocations=531 (full 2):
 PSYoungGen      total 5120K, used 5105K [0x00000007eab00000, 0x00000007eb400000, 0x0000000800000000)
  eden space 2560K, 100% used [0x00000007eab00000,0x00000007ead80000,0x00000007ead80000)
  from space 2560K, 99% used [0x00000007eb080000,0x00000007eb2fc788,0x00000007eb300000)
  to   space 3072K, 0% used [0x00000007ead80000,0x00000007ead80000,0x00000007eb080000)
 ParOldGen       total 500736K, used 500570K [0x00000007c0000000, 0x00000007de900000, 0x00000007eab00000)
  object space 500736K, 99% used [0x00000007c0000000,0x00000007de8d6a98,0x00000007de900000)
 Metaspace       used 57488K, committed 58752K, reserved 1114112K
  class space    used 6092K, committed 6592K, reserved 1048576K
}
Event: 66.998 GC heap after
{Heap after GC invocations=531 (full 2):
 PSYoungGen      total 5632K, used 2640K [0x00000007eab00000, 0x00000007eb400000, 0x0000000800000000)
  eden space 2560K, 0% used [0x00000007eab00000,0x00000007eab00000,0x00000007ead80000)
  from space 3072K, 85% used [0x00000007ead80000,0x00000007eb0143e8,0x00000007eb080000)
  to   space 3072K, 0% used [0x00000007eb100000,0x00000007eb100000,0x00000007eb400000)
 ParOldGen       total 503296K, used 503124K [0x00000007c0000000, 0x00000007deb80000, 0x00000007eab00000)
  object space 503296K, 99% used [0x00000007c0000000,0x00000007deb55098,0x00000007deb80000)
 Metaspace       used 57488K, committed 58752K, reserved 1114112K
  class space    used 6092K, committed 6592K, reserved 1048576K
}
Event: 67.010 GC heap before
{Heap before GC invocations=532 (full 2):
 PSYoungGen      total 5632K, used 5161K [0x00000007eab00000, 0x00000007eb400000, 0x0000000800000000)
  eden space 2560K, 98% used [0x00000007eab00000,0x00000007ead761d0,0x00000007ead80000)
  from space 3072K, 85% used [0x00000007ead80000,0x00000007eb0143e8,0x00000007eb080000)
  to   space 3072K, 0% used [0x00000007eb100000,0x00000007eb100000,0x00000007eb400000)
 ParOldGen       total 503296K, used 503124K [0x00000007c0000000, 0x00000007deb80000, 0x00000007eab00000)
  object space 503296K, 99% used [0x00000007c0000000,0x00000007deb55098,0x00000007deb80000)
 Metaspace       used 57499K, committed 58752K, reserved 1114112K
  class space    used 6093K, committed 6592K, reserved 1048576K
}
Event: 67.012 GC heap after
{Heap after GC invocations=532 (full 2):
 PSYoungGen      total 4608K, used 1210K [0x00000007eab00000, 0x00000007eb280000, 0x0000000800000000)
  eden space 3072K, 0% used [0x00000007eab00000,0x00000007eab00000,0x00000007eae00000)
  from space 1536K, 78% used [0x00000007eb100000,0x00000007eb22e8c0,0x00000007eb280000)
  to   space 2048K, 0% used [0x00000007eae80000,0x00000007eae80000,0x00000007eb080000)
 ParOldGen       total 505344K, used 505034K [0x00000007c0000000, 0x00000007ded80000, 0x00000007eab00000)
  object space 505344K, 99% used [0x00000007c0000000,0x00000007ded32b90,0x00000007ded80000)
 Metaspace       used 57499K, committed 58752K, reserved 1114112K
  class space    used 6093K, committed 6592K, reserved 1048576K
}
Event: 67.037 GC heap before
{Heap before GC invocations=533 (full 2):
 PSYoungGen      total 4608K, used 4282K [0x00000007eab00000, 0x00000007eb280000, 0x0000000800000000)
  eden space 3072K, 100% used [0x00000007eab00000,0x00000007eae00000,0x00000007eae00000)
  from space 1536K, 78% used [0x00000007eb100000,0x00000007eb22e8c0,0x00000007eb280000)
  to   space 2048K, 0% used [0x00000007eae80000,0x00000007eae80000,0x00000007eb080000)
 ParOldGen       total 505344K, used 505034K [0x00000007c0000000, 0x00000007ded80000, 0x00000007eab00000)
  object space 505344K, 99% used [0x00000007c0000000,0x00000007ded32b90,0x00000007ded80000)
 Metaspace       used 57502K, committed 58752K, reserved 1114112K
  class space    used 6093K, committed 6592K, reserved 1048576K
}
Event: 67.039 GC heap after
{Heap after GC invocations=533 (full 2):
 PSYoungGen      total 4608K, used 1440K [0x00000007eab00000, 0x00000007eb180000, 0x0000000800000000)
  eden space 3072K, 0% used [0x00000007eab00000,0x00000007eab00000,0x00000007eae00000)
  from space 1536K, 93% used [0x00000007eae80000,0x00000007eafe8018,0x00000007eb000000)
  to   space 1536K, 0% used [0x00000007eb000000,0x00000007eb000000,0x00000007eb180000)
 ParOldGen       total 506368K, used 505905K [0x00000007c0000000, 0x00000007dee80000, 0x00000007eab00000)
  object space 506368K, 99% used [0x00000007c0000000,0x00000007dee0c440,0x00000007dee80000)
 Metaspace       used 57502K, committed 58752K, reserved 1114112K
  class space    used 6093K, committed 6592K, reserved 1048576K
}
Event: 67.052 GC heap before
{Heap before GC invocations=534 (full 2):
 PSYoungGen      total 4608K, used 4511K [0x00000007eab00000, 0x00000007eb180000, 0x0000000800000000)
  eden space 3072K, 99% used [0x00000007eab00000,0x00000007eadffcb8,0x00000007eae00000)
  from space 1536K, 93% used [0x00000007eae80000,0x00000007eafe8018,0x00000007eb000000)
  to   space 1536K, 0% used [0x00000007eb000000,0x00000007eb000000,0x00000007eb180000)
 ParOldGen       total 506368K, used 505905K [0x00000007c0000000, 0x00000007dee80000, 0x00000007eab00000)
  object space 506368K, 99% used [0x00000007c0000000,0x00000007dee0c440,0x00000007dee80000)
 Metaspace       used 57511K, committed 58752K, reserved 1114112K
  class space    used 6093K, committed 6592K, reserved 1048576K
}
Event: 67.053 GC heap after
{Heap after GC invocations=534 (full 2):
 PSYoungGen      total 4096K, used 996K [0x00000007eab00000, 0x00000007eb100000, 0x0000000800000000)
  eden space 3072K, 0% used [0x00000007eab00000,0x00000007eab00000,0x00000007eae00000)
  from space 1024K, 97% used [0x00000007eb000000,0x00000007eb0f9010,0x00000007eb100000)
  to   space 1536K, 0% used [0x00000007eae00000,0x00000007eae00000,0x00000007eaf80000)
 ParOldGen       total 507392K, used 507154K [0x00000007c0000000, 0x00000007def80000, 0x00000007eab00000)
  object space 507392K, 99% used [0x00000007c0000000,0x00000007def44860,0x00000007def80000)
 Metaspace       used 57511K, committed 58752K, reserved 1114112K
  class space    used 6093K, committed 6592K, reserved 1048576K
}
Event: 67.056 GC heap before
{Heap before GC invocations=535 (full 2):
 PSYoungGen      total 4096K, used 4068K [0x00000007eab00000, 0x00000007eb100000, 0x0000000800000000)
  eden space 3072K, 100% used [0x00000007eab00000,0x00000007eae00000,0x00000007eae00000)
  from space 1024K, 97% used [0x00000007eb000000,0x00000007eb0f9010,0x00000007eb100000)
  to   space 1536K, 0% used [0x00000007eae00000,0x00000007eae00000,0x00000007eaf80000)
 ParOldGen       total 507392K, used 507154K [0x00000007c0000000, 0x00000007def80000, 0x00000007eab00000)
  object space 507392K, 99% used [0x00000007c0000000,0x00000007def44860,0x00000007def80000)
 Metaspace       used 57511K, committed 58752K, reserved 1114112K
  class space    used 6093K, committed 6592K, reserved 1048576K
}
Event: 67.058 GC heap after
{Heap after GC invocations=535 (full 2):
 PSYoungGen      total 4608K, used 1504K [0x00000007eab00000, 0x00000007eb500000, 0x0000000800000000)
  eden space 3072K, 0% used [0x00000007eab00000,0x00000007eab00000,0x00000007eae00000)
  from space 1536K, 97% used [0x00000007eae00000,0x00000007eaf780e0,0x00000007eaf80000)
  to   space 3584K, 0% used [0x00000007eb180000,0x00000007eb180000,0x00000007eb500000)
 ParOldGen       total 508928K, used 508557K [0x00000007c0000000, 0x00000007df100000, 0x00000007eab00000)
  object space 508928K, 99% used [0x00000007c0000000,0x00000007df0a3730,0x00000007df100000)
 Metaspace       used 57511K, committed 58752K, reserved 1114112K
  class space    used 6093K, committed 6592K, reserved 1048576K
}
Event: 67.070 GC heap before
{Heap before GC invocations=536 (full 2):
 PSYoungGen      total 4608K, used 4576K [0x00000007eab00000, 0x00000007eb500000, 0x0000000800000000)
  eden space 3072K, 100% used [0x00000007eab00000,0x00000007eae00000,0x00000007eae00000)
  from space 1536K, 97% used [0x00000007eae00000,0x00000007eaf780e0,0x00000007eaf80000)
  to   space 3584K, 0% used [0x00000007eb180000,0x00000007eb180000,0x00000007eb500000)
 ParOldGen       total 508928K, used 508557K [0x00000007c0000000, 0x00000007df100000, 0x00000007eab00000)
  object space 508928K, 99% used [0x00000007c0000000,0x00000007df0a3730,0x00000007df100000)
 Metaspace       used 57511K, committed 58752K, reserved 1114112K
  class space    used 6093K, committed 6592K, reserved 1048576K
}
Event: 67.072 GC heap after
{Heap after GC invocations=536 (full 2):
 PSYoungGen      total 4608K, used 1358K [0x00000007eab00000, 0x00000007eb300000, 0x0000000800000000)
  eden space 3072K, 0% used [0x00000007eab00000,0x00000007eab00000,0x00000007eae00000)
  from space 1536K, 88% used [0x00000007eb180000,0x00000007eb2d3b38,0x00000007eb300000)
  to   space 2048K, 0% used [0x00000007eaf00000,0x00000007eaf00000,0x00000007eb100000)
 ParOldGen       total 509952K, used 509548K [0x00000007c0000000, 0x00000007df200000, 0x00000007eab00000)
  object space 509952K, 99% used [0x00000007c0000000,0x00000007df19b2f8,0x00000007df200000)
 Metaspace       used 57511K, committed 58752K, reserved 1114112K
  class space    used 6093K, committed 6592K, reserved 1048576K
}
Event: 67.080 GC heap before
{Heap before GC invocations=537 (full 2):
 PSYoungGen      total 4608K, used 4430K [0x00000007eab00000, 0x00000007eb300000, 0x0000000800000000)
  eden space 3072K, 100% used [0x00000007eab00000,0x00000007eae00000,0x00000007eae00000)
  from space 1536K, 88% used [0x00000007eb180000,0x00000007eb2d3b38,0x00000007eb300000)
  to   space 2048K, 0% used [0x00000007eaf00000,0x00000007eaf00000,0x00000007eb100000)
 ParOldGen       total 509952K, used 509548K [0x00000007c0000000, 0x00000007df200000, 0x00000007eab00000)
  object space 509952K, 99% used [0x00000007c0000000,0x00000007df19b2f8,0x00000007df200000)
 Metaspace       used 57571K, committed 58880K, reserved 1114112K
  class space    used 6106K, committed 6656K, reserved 1048576K
}
Event: 67.082 GC heap after
{Heap after GC invocations=537 (full 2):
 PSYoungGen      total 5120K, used 1780K [0x00000007eab00000, 0x00000007eb200000, 0x0000000800000000)
  eden space 3072K, 0% used [0x00000007eab00000,0x00000007eab00000,0x00000007eae00000)
  from space 2048K, 86% used [0x00000007eaf00000,0x00000007eb0bd250,0x00000007eb100000)
  to   space 1024K, 0% used [0x00000007eb100000,0x00000007eb100000,0x00000007eb200000)
 ParOldGen       total 510976K, used 510818K [0x00000007c0000000, 0x00000007df300000, 0x00000007eab00000)
  object space 510976K, 99% used [0x00000007c0000000,0x00000007df2d8920,0x00000007df300000)
 Metaspace       used 57571K, committed 58880K, reserved 1114112K
  class space    used 6106K, committed 6656K, reserved 1048576K
}
Event: 67.088 GC heap before
{Heap before GC invocations=538 (full 2):
 PSYoungGen      total 5120K, used 4838K [0x00000007eab00000, 0x00000007eb200000, 0x0000000800000000)
  eden space 3072K, 99% used [0x00000007eab00000,0x00000007eadfc838,0x00000007eae00000)
  from space 2048K, 86% used [0x00000007eaf00000,0x00000007eb0bd250,0x00000007eb100000)
  to   space 1024K, 0% used [0x00000007eb100000,0x00000007eb100000,0x00000007eb200000)
 ParOldGen       total 510976K, used 510818K [0x00000007c0000000, 0x00000007df300000, 0x00000007eab00000)
  object space 510976K, 99% used [0x00000007c0000000,0x00000007df2d8920,0x00000007df300000)
 Metaspace       used 57620K, committed 59008K, reserved 1114112K
  class space    used 6112K, committed 6720K, reserved 1048576K
}
Event: 67.091 GC heap after
{Heap after GC invocations=538 (full 2):
 PSYoungGen      total 2560K, used 1024K [0x00000007eab00000, 0x00000007eb700000, 0x0000000800000000)
  eden space 1536K, 0% used [0x00000007eab00000,0x00000007eab00000,0x00000007eac80000)
  from space 1024K, 100% used [0x00000007eb100000,0x00000007eb200000,0x00000007eb200000)
  to   space 4608K, 0% used [0x00000007eac80000,0x00000007eac80000,0x00000007eb100000)
 ParOldGen       total 514048K, used 513874K [0x00000007c0000000, 0x00000007df600000, 0x00000007eab00000)
  object space 514048K, 99% used [0x00000007c0000000,0x00000007df5d4880,0x00000007df600000)
 Metaspace       used 57620K, committed 59008K, reserved 1114112K
  class space    used 6112K, committed 6720K, reserved 1048576K
}
Event: 67.093 GC heap before
{Heap before GC invocations=539 (full 2):
 PSYoungGen      total 2560K, used 2560K [0x00000007eab00000, 0x00000007eb700000, 0x0000000800000000)
  eden space 1536K, 100% used [0x00000007eab00000,0x00000007eac80000,0x00000007eac80000)
  from space 1024K, 100% used [0x00000007eb100000,0x00000007eb200000,0x00000007eb200000)
  to   space 4608K, 0% used [0x00000007eac80000,0x00000007eac80000,0x00000007eb100000)
 ParOldGen       total 514048K, used 513874K [0x00000007c0000000, 0x00000007df600000, 0x00000007eab00000)
  object space 514048K, 99% used [0x00000007c0000000,0x00000007df5d4880,0x00000007df600000)
 Metaspace       used 57621K, committed 59008K, reserved 1114112K
  class space    used 6112K, committed 6720K, reserved 1048576K
}
Event: 67.095 GC heap after
{Heap after GC invocations=539 (full 2):
 PSYoungGen      total 3072K, used 1168K [0x00000007eab00000, 0x00000007eb200000, 0x0000000800000000)
  eden space 1536K, 0% used [0x00000007eab00000,0x00000007eab00000,0x00000007eac80000)
  from space 1536K, 76% used [0x00000007eac80000,0x00000007eada4010,0x00000007eae00000)
  to   space 2560K, 0% used [0x00000007eaf80000,0x00000007eaf80000,0x00000007eb200000)
 ParOldGen       total 515072K, used 514910K [0x00000007c0000000, 0x00000007df700000, 0x00000007eab00000)
  object space 515072K, 99% used [0x00000007c0000000,0x00000007df6d79d0,0x00000007df700000)
 Metaspace       used 57621K, committed 59008K, reserved 1114112K
  class space    used 6112K, committed 6720K, reserved 1048576K
}
Event: 67.098 GC heap before
{Heap before GC invocations=540 (full 2):
 PSYoungGen      total 3072K, used 2703K [0x00000007eab00000, 0x00000007eb200000, 0x0000000800000000)
  eden space 1536K, 99% used [0x00000007eab00000,0x00000007eac7ffe8,0x00000007eac80000)
  from space 1536K, 76% used [0x00000007eac80000,0x00000007eada4010,0x00000007eae00000)
  to   space 2560K, 0% used [0x00000007eaf80000,0x00000007eaf80000,0x00000007eb200000)
 ParOldGen       total 515072K, used 514910K [0x00000007c0000000, 0x00000007df700000, 0x00000007eab00000)
  object space 515072K, 99% used [0x00000007c0000000,0x00000007df6d79d0,0x00000007df700000)
 Metaspace       used 57662K, committed 59008K, reserved 1114112K
  class space    used 6113K, committed 6720K, reserved 1048576K
}
Event: 67.099 GC heap after
{Heap after GC invocations=540 (full 2):
 PSYoungGen      total 2560K, used 448K [0x00000007eab00000, 0x00000007eb000000, 0x0000000800000000)
  eden space 2048K, 0% used [0x00000007eab00000,0x00000007eab00000,0x00000007ead00000)
  from space 512K, 87% used [0x00000007eaf80000,0x00000007eaff0020,0x00000007eb000000)
  to   space 1024K, 0% used [0x00000007eae00000,0x00000007eae00000,0x00000007eaf00000)
 ParOldGen       total 516096K, used 515974K [0x00000007c0000000, 0x00000007df800000, 0x00000007eab00000)
  object space 516096K, 99% used [0x00000007c0000000,0x00000007df7e19e0,0x00000007df800000)
 Metaspace       used 57662K, committed 59008K, reserved 1114112K
  class space    used 6113K, committed 6720K, reserved 1048576K
}

